<?xml version="1.0" encoding="UTF-8"?>
<testsuite xmlns:xsi="http://www.w3.org/2001/XMLSchema-instance" xsi:noNamespaceSchemaLocation="https://maven.apache.org/surefire/maven-surefire-plugin/xsd/surefire-test-report.xsd" version="3.0.2" name="org.linkedbuildingdata.ifc2lbd.RevisionComparatorTest" time="0.042" tests="4" errors="0" skipped="0" failures="0">
  <properties>
[...]
</properties>
  <testcase name="legacyIdentityIsRejected" classname="org.linkedbuildingdata.ifc2lbd.RevisionComparatorTest" time="0.006"/>
  <testcase name="changedAssertionProducesAddedAndRemovedStatements" classname="org.linkedbuildingdata.ifc2lbd.RevisionComparatorTest" time="0.029"/>
  <testcase name="unchangedDataIgnoresManifestDifferences" classname="org.linkedbuildingdata.ifc2lbd.RevisionComparatorTest" time="0.004"/>
  <testcase name="differentModelScopesAreRejected" classname="org.linkedbuildingdata.ifc2lbd.RevisionComparatorTest" time="0.001"/>
</testsuite>